<?xml version="1.0" encoding="UTF-8"?>
<testng-results skipped="0" failed="0" ignored="0" total="1" passed="1">
  <reporter-output>
  </reporter-output>
  <suite name="inetBankingV100" duration-ms="20558" started-at="2019-07-23T14:04:37Z" finished-at="2019-07-23T14:04:57Z">
    <groups>
    </groups>
    <test name="BankingApp Test" duration-ms="20558" started-at="2019-07-23T14:04:37Z" finished-at="2019-07-23T14:04:57Z">
      <class name="com.inetbanking.testCases.TC_AddNewCustomer_003">
        <test-method status="PASS" signature="setup(java.lang.String)[pri:0, instance:com.inetbanking.testCases.TC_AddNewCustomer_003@17c68925]" name="setup" is-config="true" duration-ms="8839" started-at="2019-07-23T14:04:37Z" finished-at="2019-07-23T14:04:46Z">
          <params>
            <param index="0">
              <value>
                <![CDATA[chrome]]>
              </value>
            </param>
          </params>
          <reporter-output>
          </reporter-output>
        </test-method> <!-- setup -->
        <test-method status="PASS" signature="AddNewCustomer()[pri:0, instance:com.inetbanking.testCases.TC_AddNewCustomer_003@17c68925]" name="AddNewCustomer" duration-ms="10711" started-at="2019-07-23T14:04:46Z" finished-at="2019-07-23T14:04:57Z">
          <reporter-output>
          </reporter-output>
        </test-method> <!-- AddNewCustomer -->
        <test-method status="PASS" signature="teardown()[pri:0, instance:com.inetbanking.testCases.TC_AddNewCustomer_003@17c68925]" name="teardown" is-config="true" duration-ms="689" started-at="2019-07-23T14:04:57Z" finished-at="2019-07-23T14:04:57Z">
          <reporter-output>
          </reporter-output>
        </test-method> <!-- teardown -->
      </class> <!-- com.inetbanking.testCases.TC_AddNewCustomer_003 -->
    </test> <!-- BankingApp Test -->
  </suite> <!-- inetBankingV100 -->
</testng-results>
