<?xml version="1.0" encoding="UTF-8"?>
<testng-results skipped="0" failed="0" ignored="0" total="1" passed="1">
  <reporter-output>
  </reporter-output>
  <suite name="inetBankingV100" duration-ms="19830" started-at="2019-07-22T13:33:47Z" finished-at="2019-07-22T13:34:07Z">
    <groups>
    </groups>
    <test name="BankingApp Test" duration-ms="19830" started-at="2019-07-22T13:33:47Z" finished-at="2019-07-22T13:34:07Z">
      <class name="com.inetbanking.testCases.TC_AddNewCustomer_003">
        <test-method status="PASS" signature="setup(java.lang.String)[pri:0, instance:com.inetbanking.testCases.TC_AddNewCustomer_003@6eebc39e]" name="setup" is-config="true" duration-ms="8387" started-at="2019-07-22T13:33:47Z" finished-at="2019-07-22T13:33:56Z">
          <params>
            <param index="0">
              <value>
                <![CDATA[chrome]]>
              </value>
            </param>
          </params>
          <reporter-output>
          </reporter-output>
        </test-method> <!-- setup -->
        <test-method status="PASS" signature="AddNewCustomer()[pri:0, instance:com.inetbanking.testCases.TC_AddNewCustomer_003@6eebc39e]" name="AddNewCustomer" duration-ms="10302" started-at="2019-07-22T13:33:56Z" finished-at="2019-07-22T13:34:06Z">
          <reporter-output>
          </reporter-output>
        </test-method> <!-- AddNewCustomer -->
        <test-method status="PASS" signature="teardown()[pri:0, instance:com.inetbanking.testCases.TC_AddNewCustomer_003@6eebc39e]" name="teardown" is-config="true" duration-ms="823" started-at="2019-07-22T13:34:06Z" finished-at="2019-07-22T13:34:07Z">
          <reporter-output>
          </reporter-output>
        </test-method> <!-- teardown -->
      </class> <!-- com.inetbanking.testCases.TC_AddNewCustomer_003 -->
    </test> <!-- BankingApp Test -->
  </suite> <!-- inetBankingV100 -->
</testng-results>
